<html>
<head>
<title>v_2b build log</title>
<meta http-equiv="Content-Type" content="text/html; charset=utf-8" /></head>
<body>
<tt>
Build started on: <u>15-03-2013 at 11:18.45</u><br />
Build ended on: <u>15-03-2013 at 11:57.05</u><p />
<b>-------------- Build: Debug in v_2b (compiler: GNU GCC Compiler)---------------</b><br />
g++ -Wall -fexceptions  -g  -Wshadow -Winit-self -Wredundant-decls -Wundef -Winline -Wunreachable-code -Wmissing-declarations -Wswitch-enum -Wswitch-default -Weffc++ -Wmain -pedantic -std=c++0x -Wall -g    -c /home/ghaase/Lectures/Kurs-C/V_13/v_2b/main.cpp -o obj/Debug/main.o<br />
/home/ghaase/Lectures/Kurs-C/V_13/v_2b/main.cpp: In function "int eingabe(int, int)":<br />
<font color="#0000ff">/home/ghaase/Lectures/Kurs-C/V_13/v_2b/main.cpp:15:5: warning: no previous declaration for "int eingabe(int, int)" [-Wmissing-declarations]</font><br />
/home/ghaase/Lectures/Kurs-C/V_13/v_2b/main.cpp: In function "int geheimZahl(int, int, int)":<br />
<font color="#0000ff">/home/ghaase/Lectures/Kurs-C/V_13/v_2b/main.cpp:36:5: warning: no previous declaration for "int geheimZahl(int, int, int)" [-Wmissing-declarations]</font><br />
g++  -o bin/Debug/v_2b obj/Debug/main.o<br />
Output size is 47.96 KB<br />
<font color="#0000ff">Process terminated with status 0 (0 minutes, 0 seconds)</font><br />
<font color="#0000ff">0 errors, 2 warnings (0 minutes, 0 seconds)</font><br />
xterm -T v_2b -e /usr/bin/cb_console_runner LD_LIBRARY_PATH=$LD_LIBRARY_PATH:. /home/ghaase/Lectures/Kurs-C/V_13/v_2b/bin/Debug/v_2b <br />
<font color="#0000ff">Process terminated with status 0 (0 minutes, 2 seconds)</font><br />
g++ -Wshadow -Winit-self -Wredundant-decls -Wundef -Winline -Wunreachable-code -Wmissing-declarations -Wswitch-enum -Wswitch-default -Weffc++ -Wmain -pedantic -std=c++0x -Wall -g    -c /home/ghaase/Lectures/Kurs-C/V_13/demoVector.cpp -o /home/ghaase/Lectures/Kurs-C/V_13/demoVector.o<br />
/home/ghaase/Lectures/Kurs-C/V_13/demoVector.cpp: In function "int main()":<br />
<font color="#ff0000">/home/ghaase/Lectures/Kurs-C/V_13/demoVector.cpp:30:5: error: "class std::vector&lt;int&gt;" has no member named "pushd_back"</font><br />
<font color="#a00000">Process terminated with status 1 (0 minutes, 0 seconds)</font><br />
<font color="#a00000">1 errors, 0 warnings (0 minutes, 0 seconds)</font><br />
g++ -Wshadow -Winit-self -Wredundant-decls -Wundef -Winline -Wunreachable-code -Wmissing-declarations -Wswitch-enum -Wswitch-default -Weffc++ -Wmain -pedantic -std=c++0x -Wall -g    -c /home/ghaase/Lectures/Kurs-C/V_13/demoVector.cpp -o /home/ghaase/Lectures/Kurs-C/V_13/demoVector.o<br />
g++  -o /home/ghaase/Lectures/Kurs-C/V_13/demoVector /home/ghaase/Lectures/Kurs-C/V_13/demoVector.o<br />
<font color="#0000ff">Process terminated with status 0 (0 minutes, 0 seconds)</font><br />
<font color="#0000ff">0 errors, 0 warnings (0 minutes, 0 seconds)</font><br />
xterm -T '/home/ghaase/Lectures/Kurs-C/V_13/demoVector' -e /usr/bin/cb_console_runner "/home/ghaase/Lectures/Kurs-C/V_13/demoVector"<br />
<font color="#0000ff">Process terminated with status 0 (0 minutes, 4 seconds)</font><br />
g++ -Wshadow -Winit-self -Wredundant-decls -Wundef -Winline -Wunreachable-code -Wmissing-declarations -Wswitch-enum -Wswitch-default -Weffc++ -Wmain -pedantic -std=c++0x -Wall -g    -c /home/ghaase/Lectures/Kurs-C/V_13/demoVector.cpp -o /home/ghaase/Lectures/Kurs-C/V_13/demoVector.o<br />
g++  -o /home/ghaase/Lectures/Kurs-C/V_13/demoVector /home/ghaase/Lectures/Kurs-C/V_13/demoVector.o<br />
<font color="#0000ff">Process terminated with status 0 (0 minutes, 0 seconds)</font><br />
<font color="#0000ff">0 errors, 0 warnings (0 minutes, 0 seconds)</font><br />
xterm -T '/home/ghaase/Lectures/Kurs-C/V_13/demoVector' -e /usr/bin/cb_console_runner "/home/ghaase/Lectures/Kurs-C/V_13/demoVector"<br />
<font color="#0000ff">Process terminated with status 0 (0 minutes, 2 seconds)</font><br />
g++ -Wshadow -Winit-self -Wredundant-decls -Wundef -Winline -Wunreachable-code -Wmissing-declarations -Wswitch-enum -Wswitch-default -Weffc++ -Wmain -pedantic -std=c++0x -Wall -g    -c /home/ghaase/Lectures/Kurs-C/V_13/demoString.cpp -o /home/ghaase/Lectures/Kurs-C/V_13/demoString.o<br />
g++  -o /home/ghaase/Lectures/Kurs-C/V_13/demoString /home/ghaase/Lectures/Kurs-C/V_13/demoString.o<br />
<font color="#0000ff">Process terminated with status 0 (0 minutes, 0 seconds)</font><br />
<font color="#0000ff">0 errors, 0 warnings (0 minutes, 0 seconds)</font><br />
xterm -T '/home/ghaase/Lectures/Kurs-C/V_13/demoString' -e /usr/bin/cb_console_runner "/home/ghaase/Lectures/Kurs-C/V_13/demoString"<br />
<font color="#0000ff">Process terminated with status 0 (0 minutes, 9 seconds)</font><br />
g++ -Wshadow -Winit-self -Wredundant-decls -Wundef -Winline -Wunreachable-code -Wmissing-declarations -Wswitch-enum -Wswitch-default -Weffc++ -Wmain -pedantic -std=c++0x -Wall -g    -c /home/ghaase/Lectures/Kurs-C/V_13/demoString.cpp -o /home/ghaase/Lectures/Kurs-C/V_13/demoString.o<br />
g++  -o /home/ghaase/Lectures/Kurs-C/V_13/demoString /home/ghaase/Lectures/Kurs-C/V_13/demoString.o<br />
<font color="#0000ff">Process terminated with status 0 (0 minutes, 0 seconds)</font><br />
<font color="#0000ff">0 errors, 0 warnings (0 minutes, 0 seconds)</font><br />
xterm -T '/home/ghaase/Lectures/Kurs-C/V_13/demoString' -e /usr/bin/cb_console_runner "/home/ghaase/Lectures/Kurs-C/V_13/demoString"<br />
<font color="#0000ff">Process terminated with status 0 (0 minutes, 2 seconds)</font><br />
g++ -Wshadow -Winit-self -Wredundant-decls -Wundef -Winline -Wunreachable-code -Wmissing-declarations -Wswitch-enum -Wswitch-default -Weffc++ -Wmain -pedantic -std=c++0x -Wall -g    -c /home/ghaase/Lectures/Kurs-C/V_13/demoArray.cpp -o /home/ghaase/Lectures/Kurs-C/V_13/demoArray.o<br />
/home/ghaase/Lectures/Kurs-C/V_13/demoArray.cpp: In function "int main()":<br />
<font color="#ff0000">/home/ghaase/Lectures/Kurs-C/V_13/demoArray.cpp:11:11: error: wrong number of template arguments (1, should be 2)</font><br />
In file included from /home/ghaase/Lectures/Kurs-C/V_13/demoArray.cpp:6:0:<br />
<font color="#ff0000">/usr/include/c++/4.7/array:62:12: error: provided for "template&lt;class _Tp, long unsigned int _Nm&gt; struct std::array"</font><br />
<font color="#ff0000">/home/ghaase/Lectures/Kurs-C/V_13/demoArray.cpp:11:18: error: invalid type in declaration before "(" token</font><br />
<font color="#ff0000">/home/ghaase/Lectures/Kurs-C/V_13/demoArray.cpp:12:14: error: wrong number of template arguments (1, should be 2)</font><br />
In file included from /home/ghaase/Lectures/Kurs-C/V_13/demoArray.cpp:6:0:<br />
<font color="#ff0000">/usr/include/c++/4.7/array:62:12: error: provided for "template&lt;class _Tp, long unsigned int _Nm&gt; struct std::array"</font><br />
<font color="#ff0000">/home/ghaase/Lectures/Kurs-C/V_13/demoArray.cpp:12:18: error: invalid type in declaration before "(" token</font><br />
<font color="#ff0000">/home/ghaase/Lectures/Kurs-C/V_13/demoArray.cpp:12:25: error: expression list treated as compound expression in initializer [-fpermissive]</font><br />
<font color="#0000ff">/home/ghaase/Lectures/Kurs-C/V_13/demoArray.cpp:12:25: warning: left operand of comma operator has no effect [-Wunused-value]</font><br />
<font color="#ff0000">/home/ghaase/Lectures/Kurs-C/V_13/demoArray.cpp:13:14: error: wrong number of template arguments (1, should be 2)</font><br />
In file included from /home/ghaase/Lectures/Kurs-C/V_13/demoArray.cpp:6:0:<br />
<font color="#ff0000">/usr/include/c++/4.7/array:62:12: error: provided for "template&lt;class _Tp, long unsigned int _Nm&gt; struct std::array"</font><br />
<font color="#ff0000">/home/ghaase/Lectures/Kurs-C/V_13/demoArray.cpp:13:18: error: invalid type in declaration before ";" token</font><br />
<font color="#ff0000">/home/ghaase/Lectures/Kurs-C/V_13/demoArray.cpp:16:35: error: request for member "size" in "aa", which is of non-class type "int"</font><br />
<font color="#ff0000">/home/ghaase/Lectures/Kurs-C/V_13/demoArray.cpp:18:9: error: invalid types "int[unsigned int]" for array subscript</font><br />
<font color="#ff0000">/home/ghaase/Lectures/Kurs-C/V_13/demoArray.cpp:19:9: error: invalid types "int[unsigned int]" for array subscript</font><br />
<font color="#ff0000">/home/ghaase/Lectures/Kurs-C/V_13/demoArray.cpp:19:17: error: invalid types "int[unsigned int]" for array subscript</font><br />
<font color="#ff0000">/home/ghaase/Lectures/Kurs-C/V_13/demoArray.cpp:19:23: error: invalid types "int[unsigned int]" for array subscript</font><br />
<font color="#ff0000">/home/ghaase/Lectures/Kurs-C/V_13/demoArray.cpp:22:34: error: request for member "size" in "cc", which is of non-class type "int"</font><br />
<font color="#ff0000">/home/ghaase/Lectures/Kurs-C/V_13/demoArray.cpp:24:17: error: invalid types "int[unsigned int]" for array subscript</font><br />
<font color="#ff0000">/home/ghaase/Lectures/Kurs-C/V_13/demoArray.cpp:28:42: error: request for member "back" in "aa", which is of non-class type "int"</font><br />
<font color="#ff0000">/home/ghaase/Lectures/Kurs-C/V_13/demoArray.cpp:28:78: error: request for member "size" in "aa", which is of non-class type "int"</font><br />
<font color="#ff0000">/home/ghaase/Lectures/Kurs-C/V_13/demoArray.cpp:31:42: error: request for member "back" in "aa", which is of non-class type "int"</font><br />
<font color="#ff0000">/home/ghaase/Lectures/Kurs-C/V_13/demoArray.cpp:31:78: error: request for member "size" in "aa", which is of non-class type "int"</font><br />
<font color="#ff0000">/home/ghaase/Lectures/Kurs-C/V_13/demoArray.cpp:34:42: error: request for member "back" in "aa", which is of non-class type "int"</font><br />
<font color="#ff0000">/home/ghaase/Lectures/Kurs-C/V_13/demoArray.cpp:34:78: error: request for member "size" in "aa", which is of non-class type "int"</font><br />
<font color="#ff0000">/home/ghaase/Lectures/Kurs-C/V_13/demoArray.cpp:37:6: error: invalid types "int[int]" for array subscript</font><br />
<font color="#ff0000">/home/ghaase/Lectures/Kurs-C/V_13/demoArray.cpp:37:14: error: invalid types "int[int]" for array subscript</font><br />
<font color="#ff0000">/home/ghaase/Lectures/Kurs-C/V_13/demoArray.cpp:37:19: error: request for member "at" in "aa", which is of non-class type "int"</font><br />
<font color="#a00000">Process terminated with status 1 (0 minutes, 0 seconds)</font><br />
<font color="#a00000">26 errors, 1 warnings (0 minutes, 0 seconds)</font><br />
g++ -Wshadow -Winit-self -Wredundant-decls -Wundef -Winline -Wunreachable-code -Wmissing-declarations -Wswitch-enum -Wswitch-default -Weffc++ -Wmain -pedantic -std=c++0x -Wall -g    -c /home/ghaase/Lectures/Kurs-C/V_13/demoArray.cpp -o /home/ghaase/Lectures/Kurs-C/V_13/demoArray.o<br />
/home/ghaase/Lectures/Kurs-C/V_13/demoArray.cpp: In function "int main()":<br />
<font color="#ff0000">/home/ghaase/Lectures/Kurs-C/V_13/demoArray.cpp:12:26: error: expected ")" before ";" token</font><br />
<font color="#a00000">Process terminated with status 1 (0 minutes, 0 seconds)</font><br />
<font color="#a00000">1 errors, 0 warnings (0 minutes, 0 seconds)</font><br />
g++ -Wshadow -Winit-self -Wredundant-decls -Wundef -Winline -Wunreachable-code -Wmissing-declarations -Wswitch-enum -Wswitch-default -Weffc++ -Wmain -pedantic -std=c++0x -Wall -g    -c /home/ghaase/Lectures/Kurs-C/V_13/demoArray.cpp -o /home/ghaase/Lectures/Kurs-C/V_13/demoArray.o<br />
/home/ghaase/Lectures/Kurs-C/V_13/demoArray.cpp: In function "int main()":<br />
<font color="#ff0000">/home/ghaase/Lectures/Kurs-C/V_13/demoArray.cpp:12:24: error: no matching function for call to "std::array&lt;double, 5ul&gt;::array(double)"</font><br />
/home/ghaase/Lectures/Kurs-C/V_13/demoArray.cpp:12:24: note: candidates are:<br />
In file included from /home/ghaase/Lectures/Kurs-C/V_13/demoArray.cpp:6:0:<br />
/usr/include/c++/4.7/array:62:12: note: std::array&lt;double, 5ul&gt;::array()<br />
/usr/include/c++/4.7/array:62:12: note:   candidate expects 0 arguments, 1 provided<br />
/usr/include/c++/4.7/array:62:12: note: constexpr std::array&lt;double, 5ul&gt;::array(const std::array&lt;double, 5ul&gt;&amp;)<br />
/usr/include/c++/4.7/array:62:12: note:   no known conversion for argument 1 from "double" to "const std::array&lt;double, 5ul&gt;&amp;"<br />
/usr/include/c++/4.7/array:62:12: note: constexpr std::array&lt;double, 5ul&gt;::array(std::array&lt;double, 5ul&gt;&amp;&amp;)<br />
/usr/include/c++/4.7/array:62:12: note:   no known conversion for argument 1 from "double" to "std::array&lt;double, 5ul&gt;&amp;&amp;"<br />
<font color="#a00000">Process terminated with status 1 (0 minutes, 0 seconds)</font><br />
<font color="#a00000">1 errors, 0 warnings (0 minutes, 0 seconds)</font><br />
g++ -Wshadow -Winit-self -Wredundant-decls -Wundef -Winline -Wunreachable-code -Wmissing-declarations -Wswitch-enum -Wswitch-default -Weffc++ -Wmain -pedantic -std=c++0x -Wall -g    -c /home/ghaase/Lectures/Kurs-C/V_13/demoArray.cpp -o /home/ghaase/Lectures/Kurs-C/V_13/demoArray.o<br />
/home/ghaase/Lectures/Kurs-C/V_13/demoArray.cpp: In function "int main()":<br />
<font color="#0000ff">/home/ghaase/Lectures/Kurs-C/V_13/demoArray.cpp:12:25: warning: missing braces around initializer for "std::array&lt;double, 5ul&gt;::value_type [5] {aka double [5]}" [-Wmissing-braces]</font><br />
g++  -o /home/ghaase/Lectures/Kurs-C/V_13/demoArray /home/ghaase/Lectures/Kurs-C/V_13/demoArray.o<br />
<font color="#0000ff">Process terminated with status 0 (0 minutes, 0 seconds)</font><br />
<font color="#0000ff">0 errors, 1 warnings (0 minutes, 0 seconds)</font><br />
xterm -T '/home/ghaase/Lectures/Kurs-C/V_13/demoArray' -e /usr/bin/cb_console_runner "/home/ghaase/Lectures/Kurs-C/V_13/demoArray"<br />
<font color="#0000ff">Process terminated with status 0 (1 minutes, 30 seconds)</font><br />
g++ -Wshadow -Winit-self -Wredundant-decls -Wundef -Winline -Wunreachable-code -Wmissing-declarations -Wswitch-enum -Wswitch-default -Weffc++ -Wmain -pedantic -std=c++0x -Wall -g    -c /home/ghaase/Lectures/Kurs-C/V_13/demoArray.cpp -o /home/ghaase/Lectures/Kurs-C/V_13/demoArray.o<br />
g++  -o /home/ghaase/Lectures/Kurs-C/V_13/demoArray /home/ghaase/Lectures/Kurs-C/V_13/demoArray.o<br />
<font color="#0000ff">Process terminated with status 0 (0 minutes, 0 seconds)</font><br />
<font color="#0000ff">0 errors, 0 warnings (0 minutes, 0 seconds)</font><br />
xterm -T '/home/ghaase/Lectures/Kurs-C/V_13/demoArray' -e /usr/bin/cb_console_runner "/home/ghaase/Lectures/Kurs-C/V_13/demoArray"<br />
<font color="#0000ff">Process terminated with status 0 (0 minutes, 4 seconds)</font><br />
g++ -Wshadow -Winit-self -Wredundant-decls -Wundef -Winline -Wunreachable-code -Wmissing-declarations -Wswitch-enum -Wswitch-default -Weffc++ -Wmain -pedantic -std=c++0x -Wall -g    -c /home/ghaase/Lectures/Kurs-C/V_13/demoArray.cpp -o /home/ghaase/Lectures/Kurs-C/V_13/demoArray.o<br />
g++  -o /home/ghaase/Lectures/Kurs-C/V_13/demoArray /home/ghaase/Lectures/Kurs-C/V_13/demoArray.o<br />
<font color="#0000ff">Process terminated with status 0 (0 minutes, 0 seconds)</font><br />
<font color="#0000ff">0 errors, 0 warnings (0 minutes, 0 seconds)</font><br />
</tt>
</body>
</html>
